gdb: warning: Couldn't determine a path for the index cache directory.
[New LWP 731]
[New LWP 733]
[New LWP 734]
[New LWP 740]
[New LWP 741]
[New LWP 743]
[New LWP 747]
[New LWP 748]
[New LWP 749]
[New LWP 750]
[New LWP 751]
[New LWP 752]
[New LWP 851]
[New LWP 852]
[New LWP 854]
[New LWP 855]
[New LWP 856]
[New LWP 857]
[New LWP 858]
[New LWP 859]
[New LWP 860]
[New LWP 861]
[New LWP 863]
[Thread debugging using libthread_db enabled]
Using host libthread_db library "/lib/arm-linux-gnueabihf/libthread_db.so.1".
0x76888f8c in __GI___clock_nanosleep_time64 (clock_id=clock_id@entry=0, flags=flags@entry=0, req=0x7ea4e988, req@entry=0x7ea4e980, rem=0x7ea4e998, rem@entry=0x7ea4e990) at ../sysdeps/unix/sysv/linux/clock_nanosleep.c:52
52	../sysdeps/unix/sysv/linux/clock_nanosleep.c: No such file or directory.
  Id   Target Id                                     Frame 
* 1    Thread 0x75d8a240 (LWP 730) "domoticz"        0x76888f8c in __GI___clock_nanosleep_time64 (clock_id=clock_id@entry=0, flags=flags@entry=0, req=0x7ea4e988, req@entry=0x7ea4e980, rem=0x7ea4e998, rem@entry=0x7ea4e990) at ../sysdeps/unix/sysv/linux/clock_nanosleep.c:52
  2    Thread 0x7587c200 (LWP 731) "Watchdog"        0x7688f4d4 in __GI___wait4 (pid=1241, stat_loc=0x7587b368, options=0, usage=0x0) at ../sysdeps/unix/sysv/linux/wait4.c:27
  3    Thread 0x7507b200 (LWP 733) "SQLHelper"       syscall () at ../sysdeps/unix/sysv/linux/arm/syscall.S:37
  4    Thread 0x7487a200 (LWP 734) "PluginMgr"       syscall () at ../sysdeps/unix/sysv/linux/arm/syscall.S:37
  5    Thread 0x73acd200 (LWP 740) "InfluxPush"      syscall () at ../sysdeps/unix/sysv/linux/arm/syscall.S:37
  6    Thread 0x732cc200 (LWP 741) "Webem_ssncleane" 0x768c863c in epoll_wait (epfd=16, events=0x732cb2f8, maxevents=128, timeout=-1) at ../sysdeps/unix/sysv/linux/epoll_wait.c:30
  7    Thread 0x72acb200 (LWP 743) "WebServer_8080"  0x768c863c in epoll_wait (epfd=12, events=0x72aca300, maxevents=128, timeout=-1) at ../sysdeps/unix/sysv/linux/epoll_wait.c:30
  8    Thread 0x720ff200 (LWP 747) "Webem_ssncleane" 0x768c863c in epoll_wait (epfd=23, events=0x720fe2f8, maxevents=128, timeout=-1) at ../sysdeps/unix/sysv/linux/epoll_wait.c:30
  9    Thread 0x718fe200 (LWP 748) "WebServer_443"   0x768c863c in epoll_wait (epfd=19, events=0x718fd300, maxevents=128, timeout=-1) at ../sysdeps/unix/sysv/linux/epoll_wait.c:30
  10   Thread 0x70eff200 (LWP 749) "Scheduler"       syscall () at ../sysdeps/unix/sysv/linux/arm/syscall.S:37
  11   Thread 0x706fe200 (LWP 750) "TCPServer"       0x768c863c in epoll_wait (epfd=26, events=0x706fd330, maxevents=128, timeout=-1) at ../sysdeps/unix/sysv/linux/epoll_wait.c:30
  12   Thread 0x6fcff200 (LWP 751) "MainWorker"      syscall () at ../sysdeps/unix/sysv/linux/arm/syscall.S:37
  13   Thread 0x6f4fe200 (LWP 752) "MainWorkerRxMsg" futex_abstimed_wait_cancelable (private=<optimized out>, abstime=0x6f4fdb80, clockid=<optimized out>, expected=0, futex_word=0xa37b2c <m_mainworker+3956>) at ../sysdeps/nptl/futex-internal.h:323
  14   Thread 0x6e8ff200 (LWP 851) "Base board"      syscall () at ../sysdeps/unix/sysv/linux/arm/syscall.S:37
  15   Thread 0x6e0fe200 (LWP 852) "Display board"   syscall () at ../sysdeps/unix/sysv/linux/arm/syscall.S:37
  16   Thread 0x6cefc200 (LWP 854) "1WireSwitches"   syscall () at ../sysdeps/unix/sysv/linux/arm/syscall.S:37
  17   Thread 0x6c6fb200 (LWP 855) "Domoticz_HBWork" syscall () at ../sysdeps/unix/sysv/linux/arm/syscall.S:37
  18   Thread 0x6befa200 (LWP 856) "RFLink"          syscall () at ../sysdeps/unix/sysv/linux/arm/syscall.S:37
  19   Thread 0x6b6f9200 (LWP 857) "NotificationSys" futex_abstimed_wait_cancelable (private=<optimized out>, abstime=0x6b6f8bb0, clockid=<optimized out>, expected=0, futex_word=0xa37614 <m_mainworker+2652>) at ../sysdeps/nptl/futex-internal.h:323
  20   Thread 0x6aef8200 (LWP 858) "RFLink"          0x768c863c in epoll_wait (epfd=9, events=0x6aef7330, maxevents=128, timeout=-1) at ../sysdeps/unix/sysv/linux/epoll_wait.c:30
  21   Thread 0x6a6f7200 (LWP 859) "RFLink"          futex_wait_cancelable (private=0, expected=0, futex_word=0x1aab6e8) at ../sysdeps/nptl/futex-internal.h:186
  22   Thread 0x69ef6200 (LWP 860) "EventSystem"     syscall () at ../sysdeps/unix/sysv/linux/arm/syscall.S:37
  23   Thread 0x696f5200 (LWP 861) "EventSystemQueu" futex_abstimed_wait_cancelable (private=<optimized out>, abstime=0x696f4ac0, clockid=<optimized out>, expected=0, futex_word=0xa36d14 <m_mainworker+348>) at ../sysdeps/nptl/futex-internal.h:323
  24   Thread 0x68ef4200 (LWP 863) "Plugin_ASIO"     futex_wait_cancelable (private=0, expected=0, futex_word=0x1a0c988) at ../sysdeps/nptl/futex-internal.h:186

Thread 24 (Thread 0x68ef4200 (LWP 863) "Plugin_ASIO"):
#0  futex_wait_cancelable (private=0, expected=0, futex_word=0x1a0c988) at ../sysdeps/nptl/futex-internal.h:186
#1  __pthread_cond_wait_common (abstime=0x0, clockid=0, mutex=0x0, cond=0x1a0c960) at pthread_cond_wait.c:508
#2  __pthread_cond_wait (cond=0x1a0c960, mutex=0x0) at pthread_cond_wait.c:638
#3  0x003b5938 in boost::asio::detail::scheduler::run(boost::system::error_code&) ()
#4  0x00652f74 in Plugins::BoostWorkers() ()
#5  0x00728928 in thread_proxy ()
#6  0x76a04300 in start_thread (arg=0x68ef4200) at pthread_create.c:477
#7  0x768c8208 in ?? () at ../sysdeps/unix/sysv/linux/arm/clone.S:73 from /lib/arm-linux-gnueabihf/libc.so.6
Backtrace stopped: previous frame identical to this frame (corrupt stack?)

Thread 23 (Thread 0x696f5200 (LWP 861) "EventSystemQueu"):
#0  futex_abstimed_wait_cancelable (private=<optimized out>, abstime=0x696f4ac0, clockid=<optimized out>, expected=0, futex_word=0xa36d14 <m_mainworker+348>) at ../sysdeps/nptl/futex-internal.h:323
#1  __pthread_cond_wait_common (abstime=0x696f4ac0, clockid=<optimized out>, mutex=0x696f4a60, cond=0xa36ce8 <m_mainworker+304>) at pthread_cond_wait.c:520
#2  __pthread_cond_timedwait (cond=0xa36ce8 <m_mainworker+304>, mutex=0x696f4a60, abstime=0x696f4ac0) at pthread_cond_wait.c:656
#3  0x001fe124 in CEventSystem::EventQueueThread() ()
#4  0x008af584 in execute_native_thread_routine ()
#5  0x76a04300 in start_thread (arg=0x696f5200) at pthread_create.c:477
#6  0x768c8208 in ?? () at ../sysdeps/unix/sysv/linux/arm/clone.S:73 from /lib/arm-linux-gnueabihf/libc.so.6
Backtrace stopped: previous frame identical to this frame (corrupt stack?)

Thread 22 (Thread 0x69ef6200 (LWP 860) "EventSystem"):
#0  syscall () at ../sysdeps/unix/sysv/linux/arm/syscall.S:37
#1  0x0088cff4 in std::__atomic_futex_unsigned_base::_M_futex_wait_until(unsigned int*, unsigned int, bool, std::chrono::duration<long long, std::ratio<1ll, 1ll> >, std::chrono::duration<long long, std::ratio<1ll, 1000000000ll> >) ()
#2  0x001f5098 in CEventSystem::Do_Work() ()
#3  0x008af584 in execute_native_thread_routine ()
#4  0x76a04300 in start_thread (arg=0x69ef6200) at pthread_create.c:477
#5  0x768c8208 in ?? () at ../sysdeps/unix/sysv/linux/arm/clone.S:73 from /lib/arm-linux-gnueabihf/libc.so.6
Backtrace stopped: previous frame identical to this frame (corrupt stack?)

Thread 21 (Thread 0x6a6f7200 (LWP 859) "RFLink"):
#0  futex_wait_cancelable (private=0, expected=0, futex_word=0x1aab6e8) at ../sysdeps/nptl/futex-internal.h:186
#1  __pthread_cond_wait_common (abstime=0x0, clockid=0, mutex=0x0, cond=0x1aab6c0) at pthread_cond_wait.c:508
#2  __pthread_cond_wait (cond=0x1aab6c0, mutex=0x0) at pthread_cond_wait.c:638
#3  0x003b5938 in boost::asio::detail::scheduler::run(boost::system::error_code&) ()
#4  0x003caca0 in boost::asio::detail::posix_thread::func<boost::asio::detail::resolver_service_base::work_scheduler_runner>::run() ()
#5  0x003b115c in boost_asio_detail_posix_thread_function ()
#6  0x76a04300 in start_thread (arg=0x6a6f7200) at pthread_create.c:477
#7  0x768c8208 in ?? () at ../sysdeps/unix/sysv/linux/arm/clone.S:73 from /lib/arm-linux-gnueabihf/libc.so.6
Backtrace stopped: previous frame identical to this frame (corrupt stack?)

Thread 20 (Thread 0x6aef8200 (LWP 858) "RFLink"):
#0  0x768c863c in epoll_wait (epfd=9, events=0x6aef7330, maxevents=128, timeout=-1) at ../sysdeps/unix/sysv/linux/epoll_wait.c:30
#1  0x003b3cd4 in boost::asio::detail::epoll_reactor::run(long, boost::asio::detail::op_queue<boost::asio::detail::scheduler_operation>&) ()
#2  0x003b5850 in boost::asio::detail::scheduler::run(boost::system::error_code&) ()
#3  0x003bdb1c in std::thread::_State_impl<std::thread::_Invoker<std::tuple<ASyncTCP::connect(std::__cxx11::basic_string<char, std::char_traits<char>, std::allocator<char> > const&, unsigned short)::{lambda()#1}> > >::_M_run() ()
#4  0x008af584 in execute_native_thread_routine ()
#5  0x76a04300 in start_thread (arg=0x6aef8200) at pthread_create.c:477
#6  0x768c8208 in ?? () at ../sysdeps/unix/sysv/linux/arm/clone.S:73 from /lib/arm-linux-gnueabihf/libc.so.6
Backtrace stopped: previous frame identical to this frame (corrupt stack?)

Thread 19 (Thread 0x6b6f9200 (LWP 857) "NotificationSys"):
#0  futex_abstimed_wait_cancelable (private=<optimized out>, abstime=0x6b6f8bb0, clockid=<optimized out>, expected=0, futex_word=0xa37614 <m_mainworker+2652>) at ../sysdeps/nptl/futex-internal.h:323
#1  __pthread_cond_wait_common (abstime=0x6b6f8bb0, clockid=<optimized out>, mutex=0x6b6f8b58, cond=0xa375e8 <m_mainworker+2608>) at pthread_cond_wait.c:520
#2  __pthread_cond_timedwait (cond=0xa375e8 <m_mainworker+2608>, mutex=0x6b6f8b58, abstime=0x6b6f8bb0) at pthread_cond_wait.c:656
#3  0x00261578 in CNotificationSystem::QueueThread() ()
#4  0x008af584 in execute_native_thread_routine ()
#5  0x76a04300 in start_thread (arg=0x6b6f9200) at pthread_create.c:477
#6  0x768c8208 in ?? () at ../sysdeps/unix/sysv/linux/arm/clone.S:73 from /lib/arm-linux-gnueabihf/libc.so.6
Backtrace stopped: previous frame identical to this frame (corrupt stack?)

Thread 18 (Thread 0x6befa200 (LWP 856) "RFLink"):
#0  syscall () at ../sysdeps/unix/sysv/linux/arm/syscall.S:37
#1  0x0088cff4 in std::__atomic_futex_unsigned_base::_M_futex_wait_until(unsigned int*, unsigned int, bool, std::chrono::duration<long long, std::ratio<1ll, 1ll> >, std::chrono::duration<long long, std::ratio<1ll, 1000000000ll> >) ()
#2  0x005ad024 in CRFLinkTCP::Do_Work() ()
#3  0x008af584 in execute_native_thread_routine ()
#4  0x76a04300 in start_thread (arg=0x6befa200) at pthread_create.c:477
#5  0x768c8208 in ?? () at ../sysdeps/unix/sysv/linux/arm/clone.S:73 from /lib/arm-linux-gnueabihf/libc.so.6
Backtrace stopped: previous frame identical to this frame (corrupt stack?)

Thread 17 (Thread 0x6c6fb200 (LWP 855) "Domoticz_HBWork"):
#0  syscall () at ../sysdeps/unix/sysv/linux/arm/syscall.S:37
#1  0x0088cff4 in std::__atomic_futex_unsigned_base::_M_futex_wait_until(unsigned int*, unsigned int, bool, std::chrono::duration<long long, std::ratio<1ll, 1ll> >, std::chrono::duration<long long, std::ratio<1ll, 1000000000ll> >) ()
#2  0x0040b50c in CDomoticzHardwareBase::Do_Heartbeat_Work() ()
#3  0x008af584 in execute_native_thread_routine ()
#4  0x76a04300 in start_thread (arg=0x6c6fb200) at pthread_create.c:477
#5  0x768c8208 in ?? () at ../sysdeps/unix/sysv/linux/arm/clone.S:73 from /lib/arm-linux-gnueabihf/libc.so.6
Backtrace stopped: previous frame identical to this frame (corrupt stack?)

Thread 16 (Thread 0x6cefc200 (LWP 854) "1WireSwitches"):
#0  syscall () at ../sysdeps/unix/sysv/linux/arm/syscall.S:37
#1  0x0088cff4 in std::__atomic_futex_unsigned_base::_M_futex_wait_until(unsigned int*, unsigned int, bool, std::chrono::duration<long long, std::ratio<1ll, 1ll> >, std::chrono::duration<long long, std::ratio<1ll, 1000000000ll> >) ()
#2  0x00381510 in C1Wire::SwitchThread() ()
#3  0x008af584 in execute_native_thread_routine ()
#4  0x76a04300 in start_thread (arg=0x6cefc200) at pthread_create.c:477
#5  0x768c8208 in ?? () at ../sysdeps/unix/sysv/linux/arm/clone.S:73 from /lib/arm-linux-gnueabihf/libc.so.6
Backtrace stopped: previous frame identical to this frame (corrupt stack?)

Thread 15 (Thread 0x6e0fe200 (LWP 852) "Display board"):
#0  syscall () at ../sysdeps/unix/sysv/linux/arm/syscall.S:37
#1  0x0088cff4 in std::__atomic_futex_unsigned_base::_M_futex_wait_until(unsigned int*, unsigned int, bool, std::chrono::duration<long long, std::ratio<1ll, 1ll> >, std::chrono::duration<long long, std::ratio<1ll, 1000000000ll> >) ()
#2  0x0049cfe8 in I2C::Do_Work() ()
#3  0x008af584 in execute_native_thread_routine ()
#4  0x76a04300 in start_thread (arg=0x6e0fe200) at pthread_create.c:477
#5  0x768c8208 in ?? () at ../sysdeps/unix/sysv/linux/arm/clone.S:73 from /lib/arm-linux-gnueabihf/libc.so.6
Backtrace stopped: previous frame identical to this frame (corrupt stack?)

Thread 14 (Thread 0x6e8ff200 (LWP 851) "Base board"):
#0  syscall () at ../sysdeps/unix/sysv/linux/arm/syscall.S:37
#1  0x0088cff4 in std::__atomic_futex_unsigned_base::_M_futex_wait_until(unsigned int*, unsigned int, bool, std::chrono::duration<long long, std::ratio<1ll, 1ll> >, std::chrono::duration<long long, std::ratio<1ll, 1000000000ll> >) ()
#2  0x0049cfe8 in I2C::Do_Work() ()
#3  0x008af584 in execute_native_thread_routine ()
#4  0x76a04300 in start_thread (arg=0x6e8ff200) at pthread_create.c:477
#5  0x768c8208 in ?? () at ../sysdeps/unix/sysv/linux/arm/clone.S:73 from /lib/arm-linux-gnueabihf/libc.so.6
Backtrace stopped: previous frame identical to this frame (corrupt stack?)

Thread 13 (Thread 0x6f4fe200 (LWP 752) "MainWorkerRxMsg"):
#0  futex_abstimed_wait_cancelable (private=<optimized out>, abstime=0x6f4fdb80, clockid=<optimized out>, expected=0, futex_word=0xa37b2c <m_mainworker+3956>) at ../sysdeps/nptl/futex-internal.h:323
#1  __pthread_cond_wait_common (abstime=0x6f4fdb80, clockid=<optimized out>, mutex=0x6f4fdb28, cond=0xa37b00 <m_mainworker+3912>) at pthread_cond_wait.c:520
#2  __pthread_cond_timedwait (cond=0xa37b00 <m_mainworker+3912>, mutex=0x6f4fdb28, abstime=0x6f4fdb80) at pthread_cond_wait.c:656
#3  0x00250f28 in MainWorker::Do_Work_On_Rx_Messages() ()
#4  0x008af584 in execute_native_thread_routine ()
#5  0x76a04300 in start_thread (arg=0x6f4fe200) at pthread_create.c:477
#6  0x768c8208 in ?? () at ../sysdeps/unix/sysv/linux/arm/clone.S:73 from /lib/arm-linux-gnueabihf/libc.so.6
Backtrace stopped: previous frame identical to this frame (corrupt stack?)

Thread 12 (Thread 0x6fcff200 (LWP 751) "MainWorker"):
#0  syscall () at ../sysdeps/unix/sysv/linux/arm/syscall.S:37
#1  0x0088cff4 in std::__atomic_futex_unsigned_base::_M_futex_wait_until(unsigned int*, unsigned int, bool, std::chrono::duration<long long, std::ratio<1ll, 1ll> >, std::chrono::duration<long long, std::ratio<1ll, 1000000000ll> >) ()
#2  0x0024b900 in MainWorker::Do_Work() ()
#3  0x008af584 in execute_native_thread_routine ()
#4  0x76a04300 in start_thread (arg=0x6fcff200) at pthread_create.c:477
#5  0x768c8208 in ?? () at ../sysdeps/unix/sysv/linux/arm/clone.S:73 from /lib/arm-linux-gnueabihf/libc.so.6
Backtrace stopped: previous frame identical to this frame (corrupt stack?)

Thread 11 (Thread 0x706fe200 (LWP 750) "TCPServer"):
#0  0x768c863c in epoll_wait (epfd=26, events=0x706fd330, maxevents=128, timeout=-1) at ../sysdeps/unix/sysv/linux/epoll_wait.c:30
#1  0x003b3cd4 in boost::asio::detail::epoll_reactor::run(long, boost::asio::detail::op_queue<boost::asio::detail::scheduler_operation>&) ()
#2  0x003b5850 in boost::asio::detail::scheduler::run(boost::system::error_code&) ()
#3  0x006a4e18 in std::thread::_State_impl<std::thread::_Invoker<std::tuple<tcp::server::CTCPServer::StartServer(std::__cxx11::basic_string<char, std::char_traits<char>, std::allocator<char> > const&, std::__cxx11::basic_string<char, std::char_traits<char>, std::allocator<char> > const&)::{lambda()#1}> > >::_M_run() ()
#4  0x008af584 in execute_native_thread_routine ()
#5  0x76a04300 in start_thread (arg=0x706fe200) at pthread_create.c:477
#6  0x768c8208 in ?? () at ../sysdeps/unix/sysv/linux/arm/clone.S:73 from /lib/arm-linux-gnueabihf/libc.so.6
Backtrace stopped: previous frame identical to this frame (corrupt stack?)

Thread 10 (Thread 0x70eff200 (LWP 749) "Scheduler"):
#0  syscall () at ../sysdeps/unix/sysv/linux/arm/syscall.S:37
#1  0x0088cff4 in std::__atomic_futex_unsigned_base::_M_futex_wait_until(unsigned int*, unsigned int, bool, std::chrono::duration<long long, std::ratio<1ll, 1ll> >, std::chrono::duration<long long, std::ratio<1ll, 1000000000ll> >) ()
#2  0x002718e0 in CScheduler::Do_Work() ()
#3  0x008af584 in execute_native_thread_routine ()
#4  0x76a04300 in start_thread (arg=0x70eff200) at pthread_create.c:477
#5  0x768c8208 in ?? () at ../sysdeps/unix/sysv/linux/arm/clone.S:73 from /lib/arm-linux-gnueabihf/libc.so.6
Backtrace stopped: previous frame identical to this frame (corrupt stack?)

Thread 9 (Thread 0x718fe200 (LWP 748) "WebServer_443"):
#0  0x768c863c in epoll_wait (epfd=19, events=0x718fd300, maxevents=128, timeout=-1) at ../sysdeps/unix/sysv/linux/epoll_wait.c:30
#1  0x003b3cd4 in boost::asio::detail::epoll_reactor::run(long, boost::asio::detail::op_queue<boost::asio::detail::scheduler_operation>&) ()
#2  0x003b5850 in boost::asio::detail::scheduler::run(boost::system::error_code&) ()
#3  0x006d9a38 in http::server::server_base::run() ()
#4  0x002bf7b8 in std::thread::_State_impl<std::thread::_Invoker<std::tuple<http::server::CWebServer::StartServer(http::server::server_settings&, std::__cxx11::basic_string<char, std::char_traits<char>, std::allocator<char> > const&, bool)::{lambda()#291}> > >::_M_run() ()
#5  0x008af584 in execute_native_thread_routine ()
#6  0x76a04300 in start_thread (arg=0x718fe200) at pthread_create.c:477
#7  0x768c8208 in ?? () at ../sysdeps/unix/sysv/linux/arm/clone.S:73 from /lib/arm-linux-gnueabihf/libc.so.6
Backtrace stopped: previous frame identical to this frame (corrupt stack?)

Thread 8 (Thread 0x720ff200 (LWP 747) "Webem_ssncleane"):
#0  0x768c863c in epoll_wait (epfd=23, events=0x720fe2f8, maxevents=128, timeout=-1) at ../sysdeps/unix/sysv/linux/epoll_wait.c:30
#1  0x003b3cd4 in boost::asio::detail::epoll_reactor::run(long, boost::asio::detail::op_queue<boost::asio::detail::scheduler_operation>&) ()
#2  0x003b5850 in boost::asio::detail::scheduler::run(boost::system::error_code&) ()
#3  0x006be6bc in std::thread::_State_impl<std::thread::_Invoker<std::tuple<http::server::cWebem::cWebem(http::server::server_settings const&, std::__cxx11::basic_string<char, std::char_traits<char>, std::allocator<char> > const&)::{lambda()#2}> > >::_M_run() ()
#4  0x008af584 in execute_native_thread_routine ()
#5  0x76a04300 in start_thread (arg=0x720ff200) at pthread_create.c:477
#6  0x768c8208 in ?? () at ../sysdeps/unix/sysv/linux/arm/clone.S:73 from /lib/arm-linux-gnueabihf/libc.so.6
Backtrace stopped: previous frame identical to this frame (corrupt stack?)

Thread 7 (Thread 0x72acb200 (LWP 743) "WebServer_8080"):
#0  0x768c863c in epoll_wait (epfd=12, events=0x72aca300, maxevents=128, timeout=-1) at ../sysdeps/unix/sysv/linux/epoll_wait.c:30
#1  0x003b3cd4 in boost::asio::detail::epoll_reactor::run(long, boost::asio::detail::op_queue<boost::asio::detail::scheduler_operation>&) ()
#2  0x003b5850 in boost::asio::detail::scheduler::run(boost::system::error_code&) ()
#3  0x006d9a38 in http::server::server_base::run() ()
#4  0x002bf7b8 in std::thread::_State_impl<std::thread::_Invoker<std::tuple<http::server::CWebServer::StartServer(http::server::server_settings&, std::__cxx11::basic_string<char, std::char_traits<char>, std::allocator<char> > const&, bool)::{lambda()#291}> > >::_M_run() ()
#5  0x008af584 in execute_native_thread_routine ()
#6  0x76a04300 in start_thread (arg=0x72acb200) at pthread_create.c:477
#7  0x768c8208 in ?? () at ../sysdeps/unix/sysv/linux/arm/clone.S:73 from /lib/arm-linux-gnueabihf/libc.so.6
Backtrace stopped: previous frame identical to this frame (corrupt stack?)

Thread 6 (Thread 0x732cc200 (LWP 741) "Webem_ssncleane"):
#0  0x768c863c in epoll_wait (epfd=16, events=0x732cb2f8, maxevents=128, timeout=-1) at ../sysdeps/unix/sysv/linux/epoll_wait.c:30
#1  0x003b3cd4 in boost::asio::detail::epoll_reactor::run(long, boost::asio::detail::op_queue<boost::asio::detail::scheduler_operation>&) ()
#2  0x003b5850 in boost::asio::detail::scheduler::run(boost::system::error_code&) ()
#3  0x006be6bc in std::thread::_State_impl<std::thread::_Invoker<std::tuple<http::server::cWebem::cWebem(http::server::server_settings const&, std::__cxx11::basic_string<char, std::char_traits<char>, std::allocator<char> > const&)::{lambda()#2}> > >::_M_run() ()
#4  0x008af584 in execute_native_thread_routine ()
#5  0x76a04300 in start_thread (arg=0x732cc200) at pthread_create.c:477
#6  0x768c8208 in ?? () at ../sysdeps/unix/sysv/linux/arm/clone.S:73 from /lib/arm-linux-gnueabihf/libc.so.6
Backtrace stopped: previous frame identical to this frame (corrupt stack?)

Thread 5 (Thread 0x73acd200 (LWP 740) "InfluxPush"):
#0  syscall () at ../sysdeps/unix/sysv/linux/arm/syscall.S:37
#1  0x0088cff4 in std::__atomic_futex_unsigned_base::_M_futex_wait_until(unsigned int*, unsigned int, bool, std::chrono::duration<long long, std::ratio<1ll, 1ll> >, std::chrono::duration<long long, std::ratio<1ll, 1000000000ll> >) ()
#2  0x00372824 in CInfluxPush::Do_Work() ()
#3  0x008af584 in execute_native_thread_routine ()
#4  0x76a04300 in start_thread (arg=0x73acd200) at pthread_create.c:477
#5  0x768c8208 in ?? () at ../sysdeps/unix/sysv/linux/arm/clone.S:73 from /lib/arm-linux-gnueabihf/libc.so.6
Backtrace stopped: previous frame identical to this frame (corrupt stack?)

Thread 4 (Thread 0x7487a200 (LWP 734) "PluginMgr"):
#0  syscall () at ../sysdeps/unix/sysv/linux/arm/syscall.S:37
#1  0x0088cff4 in std::__atomic_futex_unsigned_base::_M_futex_wait_until(unsigned int*, unsigned int, bool, std::chrono::duration<long long, std::ratio<1ll, 1ll> >, std::chrono::duration<long long, std::ratio<1ll, 1000000000ll> >) ()
#2  0x00653684 in Plugins::CPluginSystem::Do_Work() ()
#3  0x008af584 in execute_native_thread_routine ()
#4  0x76a04300 in start_thread (arg=0x7487a200) at pthread_create.c:477
#5  0x768c8208 in ?? () at ../sysdeps/unix/sysv/linux/arm/clone.S:73 from /lib/arm-linux-gnueabihf/libc.so.6
Backtrace stopped: previous frame identical to this frame (corrupt stack?)

Thread 3 (Thread 0x7507b200 (LWP 733) "SQLHelper"):
#0  syscall () at ../sysdeps/unix/sysv/linux/arm/syscall.S:37
#1  0x0088cff4 in std::__atomic_futex_unsigned_base::_M_futex_wait_until(unsigned int*, unsigned int, bool, std::chrono::duration<long long, std::ratio<1ll, 1ll> >, std::chrono::duration<long long, std::ratio<1ll, 1000000000ll> >) ()
#2  0x0028f710 in CSQLHelper::Do_Work() ()
#3  0x008af584 in execute_native_thread_routine ()
#4  0x76a04300 in start_thread (arg=0x7507b200) at pthread_create.c:477
#5  0x768c8208 in ?? () at ../sysdeps/unix/sysv/linux/arm/clone.S:73 from /lib/arm-linux-gnueabihf/libc.so.6
Backtrace stopped: previous frame identical to this frame (corrupt stack?)

Thread 2 (Thread 0x7587c200 (LWP 731) "Watchdog"):
#0  0x7688f4d4 in __GI___wait4 (pid=1241, stat_loc=0x7587b368, options=0, usage=0x0) at ../sysdeps/unix/sysv/linux/wait4.c:27
#1  0x00279814 in dumpstack_gdb(bool) ()
#2  0x00279d18 in signal_handler(int, siginfo_t*, void*) ()
#3  <signal handler called>
#4  raise (sig=10) at ../sysdeps/unix/sysv/linux/raise.c:50
#5  0x00279fe4 in Do_Watchdog_Work() ()
#6  0x008af584 in execute_native_thread_routine ()
#7  0x76a04300 in start_thread (arg=0x7587c200) at pthread_create.c:477
#8  0x768c8208 in ?? () at ../sysdeps/unix/sysv/linux/arm/clone.S:73 from /lib/arm-linux-gnueabihf/libc.so.6
Backtrace stopped: previous frame identical to this frame (corrupt stack?)

Thread 1 (Thread 0x75d8a240 (LWP 730) "domoticz"):
#0  0x76888f8c in __GI___clock_nanosleep_time64 (clock_id=clock_id@entry=0, flags=flags@entry=0, req=0x7ea4e988, req@entry=0x7ea4e980, rem=0x7ea4e998, rem@entry=0x7ea4e990) at ../sysdeps/unix/sysv/linux/clock_nanosleep.c:52
#1  0x76889080 in __GI___clock_nanosleep (clock_id=clock_id@entry=0, flags=flags@entry=0, req=<optimized out>, rem=0x7ea4e9c8) at ../sysdeps/unix/sysv/linux/clock_nanosleep.c:92
#2  0x7688f830 in __GI___nanosleep (requested_time=<optimized out>, remaining=<optimized out>) at nanosleep.c:27
#3  0x00210608 in sleep_seconds(long) ()
#4  0x001a2140 in main ()

Main thread:
#0  0x76888f8c in __GI___clock_nanosleep_time64 (clock_id=clock_id@entry=0, flags=flags@entry=0, req=0x7ea4e988, req@entry=0x7ea4e980, rem=0x7ea4e998, rem@entry=0x7ea4e990) at ../sysdeps/unix/sysv/linux/clock_nanosleep.c:52
#1  0x76889080 in __GI___clock_nanosleep (clock_id=clock_id@entry=0, flags=flags@entry=0, req=<optimized out>, rem=0x7ea4e9c8) at ../sysdeps/unix/sysv/linux/clock_nanosleep.c:92
#2  0x7688f830 in __GI___nanosleep (requested_time=<optimized out>, remaining=<optimized out>) at nanosleep.c:27
#3  0x00210608 in sleep_seconds(long) ()
#4  0x001a2140 in main ()
[Inferior 1 (process 730) detached]
